0 info it worked if it ends with ok
1 verbose cli [ '/usr/local/bin/node', '/usr/bin/npm', 'run', 'dev' ]
2 info using npm@3.10.10
3 info using node@v10.0.0
4 verbose run-script [ 'predev', 'dev', 'postdev' ]
5 info lifecycle ayaya@1.0.0~predev: ayaya@1.0.0
6 silly lifecycle ayaya@1.0.0~predev: no script for predev, continuing
7 info lifecycle ayaya@1.0.0~dev: ayaya@1.0.0
8 verbose lifecycle ayaya@1.0.0~dev: unsafe-perm in lifecycle true
9 verbose lifecycle ayaya@1.0.0~dev: PATH: /usr/lib/node_modules/npm/bin/node-gyp-bin:/home/pi/ayaya/node_modules/.bin:/usr/local/sbin:/usr/local/bin:/usr/sbin:/usr/bin:/sbin:/bin
10 verbose lifecycle ayaya@1.0.0~dev: CWD: /home/pi/ayaya
11 silly lifecycle ayaya@1.0.0~dev: Args: [ '-c', 'export NODE_ENV=development  && node main' ]
12 silly lifecycle ayaya@1.0.0~dev: Returned: code: 1  signal: null
13 info lifecycle ayaya@1.0.0~dev: Failed to exec dev script
14 verbose stack Error: ayaya@1.0.0 dev: `export NODE_ENV=development  && node main`
14 verbose stack Exit status 1
14 verbose stack     at EventEmitter.<anonymous> (/usr/lib/node_modules/npm/lib/utils/lifecycle.js:255:16)
14 verbose stack     at EventEmitter.emit (events.js:182:13)
14 verbose stack     at ChildProcess.<anonymous> (/usr/lib/node_modules/npm/lib/utils/spawn.js:40:14)
14 verbose stack     at ChildProcess.emit (events.js:182:13)
14 verbose stack     at maybeClose (internal/child_process.js:947:16)
14 verbose stack     at Process.ChildProcess._handle.onexit (internal/child_process.js:236:5)
15 verbose pkgid ayaya@1.0.0
16 verbose cwd /home/pi/ayaya
17 error Linux 4.9.82-ti-r102
18 error argv "/usr/local/bin/node" "/usr/bin/npm" "run" "dev"
19 error node v10.0.0
20 error npm  v3.10.10
21 error code ELIFECYCLE
22 error ayaya@1.0.0 dev: `export NODE_ENV=development  && node main`
22 error Exit status 1
23 error Failed at the ayaya@1.0.0 dev script 'export NODE_ENV=development  && node main'.
23 error Make sure you have the latest version of node.js and npm installed.
23 error If you do, this is most likely a problem with the ayaya package,
23 error not with npm itself.
23 error Tell the author that this fails on your system:
23 error     export NODE_ENV=development  && node main
23 error You can get information on how to open an issue for this project with:
23 error     npm bugs ayaya
23 error Or if that isn't available, you can get their info via:
23 error     npm owner ls ayaya
23 error There is likely additional logging output above.
24 verbose exit [ 1, true ]
